0 info it worked if it ends with ok
1 verbose cli [ '/usr/bin/nodejs',
1 verbose cli   '/usr/bin/npm',
1 verbose cli   'install',
1 verbose cli   '--save',
1 verbose cli   'angular-devise' ]
2 info using npm@1.3.10
3 info using node@v0.10.25
4 warn package.json todoapp-with-angular-and-rails@0.0.0 No repository field.
5 warn package.json todoapp-with-angular-and-rails@0.0.0 No README data
6 verbose readDependencies using package.json deps
7 verbose cache add [ 'angular-devise', null ]
8 verbose cache add name=undefined spec="angular-devise" args=["angular-devise",null]
9 verbose parsed url { protocol: null,
9 verbose parsed url   slashes: null,
9 verbose parsed url   auth: null,
9 verbose parsed url   host: null,
9 verbose parsed url   port: null,
9 verbose parsed url   hostname: null,
9 verbose parsed url   hash: null,
9 verbose parsed url   search: null,
9 verbose parsed url   query: null,
9 verbose parsed url   pathname: 'angular-devise',
9 verbose parsed url   path: 'angular-devise',
9 verbose parsed url   href: 'angular-devise' }
10 silly lockFile 82b96a8d-angular-devise angular-devise
11 verbose lock angular-devise /home/sibin/.npm/82b96a8d-angular-devise.lock
12 silly lockFile 82b96a8d-angular-devise angular-devise
13 silly lockFile 82b96a8d-angular-devise angular-devise
14 verbose addNamed [ 'angular-devise', '' ]
15 verbose addNamed [ null, '*' ]
16 silly lockFile bf3f37ea-angular-devise angular-devise@
17 verbose lock angular-devise@ /home/sibin/.npm/bf3f37ea-angular-devise.lock
18 silly addNameRange { name: 'angular-devise', range: '*', hasData: false }
19 verbose url raw angular-devise
20 verbose url resolving [ 'https://registry.npmjs.org/', './angular-devise' ]
21 verbose url resolved https://registry.npmjs.org/angular-devise
22 info trying registry request attempt 1 at 09:56:07
23 http GET https://registry.npmjs.org/angular-devise
24 http 404 https://registry.npmjs.org/angular-devise
25 error TypeError: Cannot call method 'match' of undefined
25 error     at RegClient.<anonymous> (/usr/share/npm/node_modules/npm-registry-client/lib/request.js:119:29)
25 error     at cb (/usr/share/npm/node_modules/npm-registry-client/lib/request.js:158:9)
25 error     at RegClient.<anonymous> (/usr/share/npm/node_modules/npm-registry-client/lib/request.js:252:14)
25 error     at Request.self.callback (/usr/lib/nodejs/request/index.js:148:22)
25 error     at Request.EventEmitter.emit (events.js:98:17)
25 error     at Request.<anonymous> (/usr/lib/nodejs/request/index.js:896:14)
25 error     at Request.EventEmitter.emit (events.js:117:20)
25 error     at IncomingMessage.<anonymous> (/usr/lib/nodejs/request/index.js:847:12)
25 error     at IncomingMessage.EventEmitter.emit (events.js:117:20)
25 error     at _stream_readable.js:920:16
26 error If you need help, you may report this log at:
26 error     <http://github.com/isaacs/npm/issues>
26 error or email it to:
26 error     <npm-@googlegroups.com>
27 error System Linux 3.19.0-25-generic
28 error command "/usr/bin/nodejs" "/usr/bin/npm" "install" "--save" "angular-devise"
29 error cwd /media/sibin/Work/Office/RailsProject/todoApp/app/assets/javascripts
30 error node -v v0.10.25
31 error npm -v 1.3.10
32 error type non_object_property_call
33 verbose exit [ 1, true ]
